This file contains any messages produced by compilers while
running configure, to aid debugging if configure makes a mistake.

It was created by MCT configure 2.0, which was
generated by GNU Autoconf 2.59.  Invocation command line was

  $ ./configure 

## --------- ##
## Platform. ##
## --------- ##

hostname = login1
uname -m = x86_64
uname -r = 2.6.32-358.el6.x86_64
uname -s = Linux
uname -v = #1 SMP Fri Feb 22 00:31:26 UTC 2013

/usr/bin/uname -p = unknown
/bin/uname -X     = unknown

/bin/arch              = x86_64
/usr/bin/arch -k       = unknown
/usr/convex/getsysinfo = unknown
hostinfo               = unknown
/bin/machine           = unknown
/usr/bin/oslevel       = unknown
/bin/universe          = unknown

PATH: /usr/lib64/qt-3.3/bin
PATH: /soft/dispatcher/unischeduler/bin/linux-x86_64
PATH: /soft/dispatcher/unischeduler/bin/linux-x86_64/..
PATH: /soft/dispatcher/unischeduler/jhlava/bin/linux-x86_64
PATH: /soft/dispatcher/unischeduler/jhlava/bin/linux-x86_64/..
PATH: /opt/gridview//pbs/dispatcher-sched/bin
PATH: /opt/gridview//pbs/dispatcher-sched/sbin
PATH: /opt/gridview//pbs/dispatcher/bin
PATH: /opt/gridview//pbs/dispatcher/sbin
PATH: /opt/clusconf/bin
PATH: /usr/local/bin
PATH: /bin
PATH: /usr/bin
PATH: /usr/local/sbin
PATH: /usr/sbin
PATH: /sbin
PATH: /opt/ibutils/bin
PATH: /home/scwangyz/bin


## ----------- ##
## Core tests. ##
## ----------- ##

configure:1577: checking for cc
configure:1593: found /usr/bin/cc
configure:1603: result: cc
configure:1624: checking for C compiler version
configure:1627: cc --version </dev/null >&5
cc (GCC) 4.4.7 20120313 (Red Hat 4.4.7-3)
Copyright (C) 2010 Free Software Foundation, Inc.
This is free software; see the source for copying conditions.  There is NO
warranty; not even for MERCHANTABILITY or FITNESS FOR A PARTICULAR PURPOSE.

configure:1630: $? = 0
configure:1632: cc -v </dev/null >&5
Using built-in specs.
Target: x86_64-redhat-linux
Configured with: ../configure --prefix=/usr --mandir=/usr/share/man --infodir=/usr/share/info --with-bugurl=http://bugzilla.redhat.com/bugzilla --enable-bootstrap --enable-shared --enable-threads=posix --enable-checking=release --with-system-zlib --enable-__cxa_atexit --disable-libunwind-exceptions --enable-gnu-unique-object --enable-languages=c,c++,objc,obj-c++,java,fortran,ada --enable-java-awt=gtk --disable-dssi --with-java-home=/usr/lib/jvm/java-1.5.0-gcj-1.5.0.0/jre --enable-libgcj-multifile --enable-java-maintainer-mode --with-ecj-jar=/usr/share/java/eclipse-ecj.jar --disable-libjava-multilib --with-ppl --with-cloog --with-tune=generic --with-arch_32=i686 --build=x86_64-redhat-linux
Thread model: posix
gcc version 4.4.7 20120313 (Red Hat 4.4.7-3) (GCC) 
configure:1635: $? = 0
configure:1637: cc -V </dev/null >&5
cc: '-V' option must have argument
configure:1640: $? = 1
configure:1663: checking for C compiler default output file name
configure:1666: cc    conftest.c  >&5
configure:1669: $? = 0
configure:1715: result: a.out
configure:1720: checking whether the C compiler works
configure:1726: ./a.out
configure:1729: $? = 0
configure:1746: result: yes
configure:1753: checking whether we are cross compiling
configure:1755: result: no
configure:1758: checking for suffix of executables
configure:1760: cc -o conftest    conftest.c  >&5
configure:1763: $? = 0
configure:1788: result: 
configure:1794: checking for suffix of object files
configure:1815: cc -c   conftest.c >&5
configure:1818: $? = 0
configure:1840: result: o
configure:1844: checking whether we are using the GNU C compiler
configure:1868: cc -c   conftest.c >&5
configure:1874: $? = 0
configure:1878: test -z 
			 || test ! -s conftest.err
configure:1881: $? = 0
configure:1884: test -s conftest.o
configure:1887: $? = 0
configure:1900: result: yes
configure:1906: checking whether cc accepts -g
configure:1927: cc -c -g  conftest.c >&5
configure:1933: $? = 0
configure:1937: test -z 
			 || test ! -s conftest.err
configure:1940: $? = 0
configure:1943: test -s conftest.o
configure:1946: $? = 0
configure:1957: result: yes
configure:1974: checking for cc option to accept ANSI C
configure:2044: cc  -c -g -O2  conftest.c >&5
configure:2050: $? = 0
configure:2054: test -z 
			 || test ! -s conftest.err
configure:2057: $? = 0
configure:2060: test -s conftest.o
configure:2063: $? = 0
configure:2081: result: none needed
configure:2099: cc -c -g -O2  conftest.c >&5
conftest.c:2: error: expected '=', ',', ';', 'asm' or '__attribute__' before 'me'
configure:2105: $? = 1
configure: failed program was:
| #ifndef __cplusplus
|   choke me
| #endif
configure:2291: checking for xlf90
configure:2320: result: no
configure:2291: checking for pgf90
configure:2320: result: no
configure:2291: checking for ifort
configure:2320: result: no
configure:2291: checking for pathf90
configure:2320: result: no
configure:2291: checking for f90
configure:2320: result: no
configure:2291: checking for ftn
configure:2320: result: no
configure:2291: checking for frt
configure:2320: result: no
configure:2291: checking for lf95
configure:2320: result: no
configure:2291: checking for f95
configure:2307: found /usr/bin/f95
configure:2317: result: f95
configure:2333: checking Fortran 90 filename extension
configure:2345: f95 -c  conftest.F90 >&5
configure:2348: $? = 0
configure:2351: test -s conftest.o
configure:2354: $? = 0
configure:2356: result: .F90
configure:2369: checking for Fortran 90 compiler version
configure:2372: f95 --version </dev/null >&5
GNU Fortran (GCC) 4.4.7 20120313 (Red Hat 4.4.7-3)
Copyright (C) 2010 Free Software Foundation, Inc.

GNU Fortran comes with NO WARRANTY, to the extent permitted by law.
You may redistribute copies of GNU Fortran
under the terms of the GNU General Public License.
For more information about these matters, see the file named COPYING

configure:2375: $? = 0
configure:2377: f95 -v </dev/null >&5
Using built-in specs.
Target: x86_64-redhat-linux
Configured with: ../configure --prefix=/usr --mandir=/usr/share/man --infodir=/usr/share/info --with-bugurl=http://bugzilla.redhat.com/bugzilla --enable-bootstrap --enable-shared --enable-threads=posix --enable-checking=release --with-system-zlib --enable-__cxa_atexit --disable-libunwind-exceptions --enable-gnu-unique-object --enable-languages=c,c++,objc,obj-c++,java,fortran,ada --enable-java-awt=gtk --disable-dssi --with-java-home=/usr/lib/jvm/java-1.5.0-gcj-1.5.0.0/jre --enable-libgcj-multifile --enable-java-maintainer-mode --with-ecj-jar=/usr/share/java/eclipse-ecj.jar --disable-libjava-multilib --with-ppl --with-cloog --with-tune=generic --with-arch_32=i686 --build=x86_64-redhat-linux
Thread model: posix
gcc version 4.4.7 20120313 (Red Hat 4.4.7-3) (GCC) 
configure:2380: $? = 0
configure:2382: f95 -V </dev/null >&5
f95: '-V' option must have argument
configure:2385: $? = 1
configure:2392: checking whether we are using the GNU Fortran 90 compiler
configure:2409: f95 -c  conftest.F90 >&5
configure:2415: $? = 0
configure:2419: test -z 
			 || test ! -s conftest.err
configure:2422: $? = 0
configure:2425: test -s conftest.o
configure:2428: $? = 0
configure:2441: result: yes
configure:2478: checking for mpxlf90_r
configure:2507: result: no
configure:2478: checking for mpxlf90
configure:2507: result: no
configure:2478: checking for mpxlf95
configure:2507: result: no
configure:2478: checking for mpif90
configure:2507: result: no
configure:2478: checking for mpifrt
configure:2507: result: no
configure:2478: checking for mpf90
configure:2507: result: no
configure:2521: checking for MPI_Init
configure:2532: f95 -o conftest    conftest.F90  >&5
/tmp/ccv9d0Ib.o: In function `MAIN__':
conftest.F90:(.text+0x19): undefined reference to `mpi_init_'
collect2: ld returned 1 exit status
configure:2538: $? = 1
configure: failed program was:
| 
| program main
| 
|       call MPI_Init
| end program main
| 
configure:2560: result: no
configure:2568: checking for MPI_Init in -lmpi
configure:2584: f95 -o conftest    conftest.F90 -lmpi   >&5
/usr/bin/ld: cannot find -lmpi
collect2: ld returned 1 exit status
configure:2590: $? = 1
configure: failed program was:
| 
| program main
| 
| call MPI_Init
| end program main
| 
configure:2616: result: no
configure:2624: checking for MPI_Init in -lmpich
configure:2640: f95 -o conftest    conftest.F90 -lmpich   >&5
/usr/bin/ld: cannot find -lmpich
collect2: ld returned 1 exit status
configure:2646: $? = 1
configure: failed program was:
| 
| program main
| 
| call MPI_Init
| end program main
| 
configure:2672: result: no
configure:2787: f95 -c  conftest.F90 >&5
configure:2793: $? = 0
configure:2797: test -z 
			 || test ! -s conftest.err
configure:2800: $? = 0
configure:2803: test -s conftest.o
configure:2806: $? = 0
configure:2824: checking how to get the version output from f95
configure:2839: f95 -c  conftest.F90 >&5
configure:2845: $? = 0
configure:2849: test -z 
			 || test ! -s conftest.err
configure:2852: $? = 0
configure:2855: test -s conftest.o
configure:2858: $? = 0
configure:2881: f95 -o conftest  -V   conftest.F90  >&5
f95: no input files; unwilling to write output files
configure:2881: f95 -o conftest  -version   conftest.F90  >&5
f95: unrecognized option '-version'
configure:2881: f95 -o conftest  --version   conftest.F90  >&5
GNU Fortran (GCC) 4.4.7 20120313 (Red Hat 4.4.7-3)
Copyright (C) 2010 Free Software Foundation, Inc.

GNU Fortran comes with NO WARRANTY, to the extent permitted by law.
You may redistribute copies of GNU Fortran
under the terms of the GNU General Public License.
For more information about these matters, see the file named COPYING
configure:2916: result: --version
configure:2930: checking whether byte ordering is bigendian
configure:2957: cc -c -g -O2  conftest.c >&5
configure:2963: $? = 0
configure:2967: test -z 
			 || test ! -s conftest.err
configure:2970: $? = 0
configure:2973: test -s conftest.o
configure:2976: $? = 0
configure:3000: cc -c -g -O2  conftest.c >&5
conftest.c: In function 'main':
conftest.c:16: error: 'not' undeclared (first use in this function)
conftest.c:16: error: (Each undeclared identifier is reported only once
conftest.c:16: error: for each function it appears in.)
conftest.c:16: error: expected ';' before 'big'
configure:3006: $? = 1
configure: failed program was:
| /* confdefs.h.  */
| 
| #define PACKAGE_NAME "MCT"
| #define PACKAGE_TARNAME "mct"
| #define PACKAGE_VERSION "2.0"
| #define PACKAGE_STRING "MCT 2.0"
| #define PACKAGE_BUGREPORT ""
| /* end confdefs.h.  */
| #include <sys/types.h>
| #include <sys/param.h>
| 
| int
| main ()
| {
| #if BYTE_ORDER != BIG_ENDIAN
|  not big endian
| #endif
| 
|   ;
|   return 0;
| }
configure:3141: result: no
configure:3173: checking whether fortran .mod file is uppercase
configure:3190: f95 -c  conftest.F90 >&5
configure:3196: $? = 0
configure:3200: test -z 
			 || test ! -s conftest.err
configure:3203: $? = 0
configure:3206: test -s conftest.o
configure:3209: $? = 0
configure:3231: result: no
configure:3257: checking for Fortran 90 name-mangling scheme
configure:3276: cc -c -g -O2  conftest.c >&5
configure:3282: $? = 0
configure:3286: test -z 
			 || test ! -s conftest.err
configure:3289: $? = 0
configure:3292: test -s conftest.o
configure:3295: $? = 0
configure:3320: f95 -o conftest    conftest.F90 cf90_test.o   >&5
configure:3326: $? = 0
configure:3330: test -z 
			 || test ! -s conftest.err
configure:3333: $? = 0
configure:3336: test -s conftest
configure:3339: $? = 0
configure:3400: result: lower case, underscore
configure:3431: checking for cpp
configure:3447: found /usr/bin/cpp
configure:3457: result: cpp
configure:3489: checking if Fortran 90 compiler performs preprocessing
configure:3518: f95 -Daardvark -c  conftest.F90 >&5
configure:3524: $? = 0
configure:3528: test -z 
			 || test ! -s conftest.err
configure:3531: $? = 0
configure:3534: test -s conftest.o
configure:3537: $? = 0
configure:3551: result: yes
configure:3560: checking if C preprocessor can work with Fortran compiler
configure:3598: cpp -Daardvark -P -C -N -traditional conftest.bar conftest.f90
configure:3601: $? = 0
configure:3624: f95 -c  conftest.f90 >&5
configure:3630: $? = 0
configure:3634: test -z 
			 || test ! -s conftest.err
configure:3637: $? = 0
configure:3640: test -s conftest.o
configure:3643: $? = 0
configure:3654: result: yes
configure:3995: WARNING: UNKNOWN FORTRAN 90 COMPILER
configure:4189: creating ./config.status

## ---------------------- ##
## Running config.status. ##
## ---------------------- ##

This file was extended by MCT config.status 2.0, which was
generated by GNU Autoconf 2.59.  Invocation command line was

  CONFIG_FILES    = 
  CONFIG_HEADERS  = 
  CONFIG_LINKS    = 
  CONFIG_COMMANDS = 
  $ ./config.status 

on login1

config.status:660: creating Makefile.conf

## ---------------- ##
## Cache variables. ##
## ---------------- ##

ac_cv_c_bigendian=no
ac_cv_c_compiler_gnu=yes
ac_cv_env_ALLCFLAGS_set=
ac_cv_env_ALLCFLAGS_value=
ac_cv_env_AR_set=
ac_cv_env_AR_value=
ac_cv_env_BABELROOT_set=
ac_cv_env_BABELROOT_value=
ac_cv_env_BIT64_set=
ac_cv_env_BIT64_value=
ac_cv_env_CC_set=
ac_cv_env_CC_value=
ac_cv_env_CFLAGS_set=
ac_cv_env_CFLAGS_value=
ac_cv_env_COMPILER_ROOT_set=
ac_cv_env_COMPILER_ROOT_value=
ac_cv_env_CPPFLAGS_set=
ac_cv_env_CPPFLAGS_value=
ac_cv_env_ENDIAN_set=
ac_cv_env_ENDIAN_value=
ac_cv_env_F90FLAGS_set=
ac_cv_env_F90FLAGS_value=
ac_cv_env_F90SUFFIX_set=
ac_cv_env_F90SUFFIX_value=
ac_cv_env_F90_set=
ac_cv_env_F90_value=
ac_cv_env_FCFLAGS_set=
ac_cv_env_FCFLAGS_value=
ac_cv_env_FC_set=
ac_cv_env_FC_value=
ac_cv_env_FORT_SIZE_set=
ac_cv_env_FORT_SIZE_value=
ac_cv_env_FPPFLAGS_set=
ac_cv_env_FPPFLAGS_value=
ac_cv_env_FPP_set=
ac_cv_env_FPP_value=
ac_cv_env_INCLUDEFLAG_set=
ac_cv_env_INCLUDEFLAG_value=
ac_cv_env_INCLUDEPATH_set=
ac_cv_env_INCLUDEPATH_value=
ac_cv_env_LDFLAGS_set=
ac_cv_env_LDFLAGS_value=
ac_cv_env_MACHDEFS_set=
ac_cv_env_MACHDEFS_value=
ac_cv_env_MPIF90_set=
ac_cv_env_MPIF90_value=
ac_cv_env_MPIHEADER_set=
ac_cv_env_MPIHEADER_value=
ac_cv_env_MPILIBS_set=
ac_cv_env_MPILIBS_value=
ac_cv_env_OPT_set=
ac_cv_env_OPT_value=
ac_cv_env_REAL8_set=
ac_cv_env_REAL8_value=
ac_cv_env_build_alias_set=
ac_cv_env_build_alias_value=
ac_cv_env_host_alias_set=
ac_cv_env_host_alias_value=
ac_cv_env_target_alias_set=
ac_cv_env_target_alias_value=
ac_cv_exeext=
ac_cv_f90_compiler_gnu=yes
ac_cv_f90_fpp_compiler=yes
ac_cv_f90_fpp_external=yes
ac_cv_f90_mangling='lower case, underscore'
ac_cv_f90_mod_uppercase=no
ac_cv_lib_mpi_MPI_Init=no
ac_cv_lib_mpich_MPI_Init=no
ac_cv_objext=o
ac_cv_prog_FPP=cpp
ac_cv_prog_ac_ct_CC=cc
ac_cv_prog_ac_ct_F90=f95
ac_cv_prog_cc_g=yes
ac_cv_prog_cc_stdc=
ac_cv_prog_f90_version=--version

## ----------------- ##
## Output variables. ##
## ----------------- ##

ALLCFLAGS='-DFORTRAN_UNDERSCORE_ -DSYSLINUX -DCPRUNKNOWNCPR -O'
AR='ar cq'
BABELROOT=''
BIT64=''
CC='cc'
CFLAGS='-g -O2'
COMPILER_ROOT=''
CPPFLAGS=''
CRULE='.c.o'
DEFS='-DPACKAGE_NAME=\"MCT\" -DPACKAGE_TARNAME=\"mct\" -DPACKAGE_VERSION=\"2.0\" -DPACKAGE_STRING=\"MCT\ 2.0\" -DPACKAGE_BUGREPORT=\"\" '
ECHO_C=''
ECHO_N='-n'
ECHO_T=''
ENDIAN=''
EXEEXT=''
F90='f95'
F90FLAGS=''
F90RULE='.F90.o'
F90RULECPP='.F90RULECPP'
F90SUFFIX='F90'
FC='f95'
FCFLAGS=''
FORT_SIZE=''
FPP='cpp'
FPPFLAGS='-P -C -N -traditional'
INCLUDEFLAG='-I'
INCLUDEPATH=''
LDFLAGS=''
LIBOBJS=''
LIBS=''
LTLIBOBJS=''
MACHDEFS='-DSYSLINUX -DCPRUNKNOWNCPR'
MPIF90='f95'
MPIHEADER=''
MPILIBS=''
MPISERPATH=''
OBJEXT='o'
OPT=''
PACKAGE_BUGREPORT=''
PACKAGE_NAME='MCT'
PACKAGE_STRING='MCT 2.0'
PACKAGE_TARNAME='mct'
PACKAGE_VERSION='2.0'
PATH_SEPARATOR=':'
PYTHON=''
PYTHONOPTS=''
REAL8=''
SHELL='/bin/sh'
ac_ct_CC='cc'
ac_ct_F90='f95'
bindir='${exec_prefix}/bin'
build_alias=''
datadir='${prefix}/share'
exec_prefix='${prefix}'
host_alias=''
includedir='${prefix}/include'
infodir='${prefix}/info'
libdir='${exec_prefix}/lib'
libexecdir='${exec_prefix}/libexec'
localstatedir='${prefix}/var'
mandir='${prefix}/man'
oldincludedir='/usr/include'
prefix='/usr/local'
program_transform_name='s,x,x,'
sbindir='${exec_prefix}/sbin'
sharedstatedir='${prefix}/com'
sysconfdir='${prefix}/etc'
target_alias=''

## ----------- ##
## confdefs.h. ##
## ----------- ##

#define PACKAGE_BUGREPORT ""
#define PACKAGE_NAME "MCT"
#define PACKAGE_STRING "MCT 2.0"
#define PACKAGE_TARNAME "mct"
#define PACKAGE_VERSION "2.0"

configure: exit 0
